<?xml version="1.0" encoding="UTF-8"?>
<testng-results ignored="0" total="1" passed="1" failed="0" skipped="0">
  <reporter-output>
  </reporter-output>
  <suite started-at="2025-03-29T09:27:56 IST" name="Default suite" finished-at="2025-03-29T09:27:56 IST" duration-ms="102">
    <groups>
    </groups>
    <test started-at="2025-03-29T09:27:56 IST" name="Default test" finished-at="2025-03-29T09:27:56 IST" duration-ms="102">
      <class name="sample.sample2">
        <test-method signature="demo2()[pri:0, instance:sample.sample2@2a4fb17b]" started-at="2025-03-29T09:27:56 IST" name="demo2" finished-at="2025-03-29T09:27:56 IST" duration-ms="19" status="PASS">
          <reporter-output>
          </reporter-output>
        </test-method> <!-- demo2 -->
      </class> <!-- sample.sample2 -->
    </test> <!-- Default test -->
  </suite> <!-- Default suite -->
</testng-results>
